<?xml version="1.0" encoding="UTF-8"?>
<coverage generated="1763511141050" clover="3.2.0">
  <project timestamp="1763511141050" name="All files">
    <metrics statements="22" coveredstatements="20" conditionals="10" coveredconditionals="9" methods="2" coveredmethods="2" elements="34" coveredelements="31" complexity="0" loc="22" ncloc="22" packages="1" files="1" classes="1"/>
    <file name="index.js" path="C:\Users\KASTY MVP\Desktop\convertidor profe cristian\numeros-romanos-facucastillo01\index.js">
      <metrics statements="22" coveredstatements="20" conditionals="10" coveredconditionals="9" methods="2" coveredmethods="2"/>
      <line num="3" count="12" type="cond" truecount="4" falsecount="0"/>
      <line num="4" count="10" type="stmt"/>
      <line num="20" count="10" type="stmt"/>
      <line num="21" count="10" type="stmt"/>
      <line num="22" count="130" type="stmt"/>
      <line num="23" count="25" type="stmt"/>
      <line num="24" count="25" type="stmt"/>
      <line num="27" count="10" type="stmt"/>
      <line num="31" count="11" type="stmt"/>
      <line num="41" count="11" type="stmt"/>
      <line num="42" count="11" type="stmt"/>
      <line num="43" count="11" type="stmt"/>
      <line num="44" count="36" type="stmt"/>
      <line num="45" count="36" type="cond" truecount="2" falsecount="0"/>
      <line num="46" count="35" type="cond" truecount="2" falsecount="0"/>
      <line num="47" count="26" type="stmt"/>
      <line num="48" count="35" type="stmt"/>
      <line num="50" count="10" type="stmt"/>
      <line num="54" count="1" type="cond" truecount="1" falsecount="1"/>
      <line num="55" count="0" type="stmt"/>
      <line num="56" count="0" type="stmt"/>
      <line num="60" count="1" type="stmt"/>
    </file>
  </project>
</coverage>
