{"C:\\Users\\KASTY MVP\\Desktop\\convertidor profe cristian\\numeros-romanos-facucastillo01\\index.js": {"path":"C:\\Users\\KASTY MVP\\Desktop\\convertidor profe cristian\\numeros-romanos-facucastillo01\\index.js","statementMap":{"0":{"start":{"line":3,"column":2},"end":{"line":3,"column":69}},"1":{"start":{"line":3,"column":29},"end":{"line":3,"column":69}},"2":{"start":{"line":4,"column":18},"end":{"line":18,"column":3}},"3":{"start":{"line":20,"column":18},"end":{"line":20,"column":20}},"4":{"start":{"line":21,"column":2},"end":{"line":26,"column":3}},"5":{"start":{"line":22,"column":4},"end":{"line":25,"column":5}},"6":{"start":{"line":23,"column":6},"end":{"line":23,"column":27}},"7":{"start":{"line":24,"column":6},"end":{"line":24,"column":19}},"8":{"start":{"line":27,"column":2},"end":{"line":27,"column":19}},"9":{"start":{"line":31,"column":15},"end":{"line":39,"column":3}},"10":{"start":{"line":41,"column":14},"end":{"line":41,"column":15}},"11":{"start":{"line":42,"column":13},"end":{"line":42,"column":14}},"12":{"start":{"line":43,"column":2},"end":{"line":49,"column":3}},"13":{"start":{"line":43,"column":15},"end":{"line":43,"column":31}},"14":{"start":{"line":44,"column":18},"end":{"line":44,"column":46}},"15":{"start":{"line":45,"column":4},"end":{"line":45,"column":48}},"16":{"start":{"line":45,"column":16},"end":{"line":45,"column":48}},"17":{"start":{"line":46,"column":4},"end":{"line":47,"column":24}},"18":{"start":{"line":46,"column":22},"end":{"line":46,"column":37}},"19":{"start":{"line":47,"column":9},"end":{"line":47,"column":24}},"20":{"start":{"line":48,"column":4},"end":{"line":48,"column":17}},"21":{"start":{"line":50,"column":2},"end":{"line":50,"column":15}},"22":{"start":{"line":53,"column":0},"end":{"line":53,"column":40}}},"fnMap":{"0":{"name":"toRoman","decl":{"start":{"line":2,"column":9},"end":{"line":2,"column":16}},"loc":{"start":{"line":2,"column":22},"end":{"line":28,"column":1}},"line":2},"1":{"name":"fromRoman","decl":{"start":{"line":30,"column":9},"end":{"line":30,"column":18}},"loc":{"start":{"line":30,"column":26},"end":{"line":51,"column":1}},"line":30}},"branchMap":{"0":{"loc":{"start":{"line":3,"column":2},"end":{"line":3,"column":69}},"type":"if","locations":[{"start":{"line":3,"column":2},"end":{"line":3,"column":69}},{"start":{},"end":{}}],"line":3},"1":{"loc":{"start":{"line":3,"column":6},"end":{"line":3,"column":27}},"type":"binary-expr","locations":[{"start":{"line":3,"column":6},"end":{"line":3,"column":13}},{"start":{"line":3,"column":17},"end":{"line":3,"column":27}}],"line":3},"2":{"loc":{"start":{"line":45,"column":4},"end":{"line":45,"column":48}},"type":"if","locations":[{"start":{"line":45,"column":4},"end":{"line":45,"column":48}},{"start":{},"end":{}}],"line":45},"3":{"loc":{"start":{"line":46,"column":4},"end":{"line":47,"column":24}},"type":"if","locations":[{"start":{"line":46,"column":4},"end":{"line":47,"column":24}},{"start":{"line":47,"column":9},"end":{"line":47,"column":24}}],"line":46}},"s":{"0":12,"1":2,"2":10,"3":10,"4":10,"5":130,"6":25,"7":25,"8":10,"9":11,"10":11,"11":11,"12":11,"13":11,"14":36,"15":36,"16":1,"17":35,"18":9,"19":26,"20":35,"21":10,"22":1},"f":{"0":12,"1":11},"b":{"0":[2,10],"1":[12,11],"2":[1,35],"3":[9,26]},"_coverageSchema":"1a1c01bbd47fc00a2c39e90264f33305004495a9","hash":"e206d9341842fd7b1c7fc8c58585c77fdcc7f628"}
}
